[debug] [2025-01-05T22:18:11.082Z] ----------------------------------------------------------------------
[debug] [2025-01-05T22:18:11.088Z] Command:       C:\Program Files\nodejs\node.exe C:\Users\USER\AppData\Roaming\npm\node_modules\firebase-tools\lib\bin\firebase.js init
[debug] [2025-01-05T22:18:11.089Z] CLI Version:   13.29.1
[debug] [2025-01-05T22:18:11.089Z] Platform:      win32
[debug] [2025-01-05T22:18:11.090Z] Node Version:  v22.12.0
[debug] [2025-01-05T22:18:11.090Z] Time:          Mon Jan 06 2025 01:18:11 GMT+0300 (Москва, стандартное время)
[debug] [2025-01-05T22:18:11.091Z] ----------------------------------------------------------------------
[debug] 
[debug] [2025-01-05T22:18:11.109Z] > command requires scopes: ["email","openid","https://www.googleapis.com/auth/cloudplatformprojects.readonly","https://www.googleapis.com/auth/firebase","https://www.googleapis.com/auth/cloud-platform"]
[debug] [2025-01-05T22:18:11.110Z] > authorizing via signed-in user (nannamccluney69@gmail.com)
[info] 
     ######## #### ########  ######## ########     ###     ######  ########
     ##        ##  ##     ## ##       ##     ##  ##   ##  ##       ##
     ######    ##  ########  ######   ########  #########  ######  ######
     ##        ##  ##    ##  ##       ##     ## ##     ##       ## ##
     ##       #### ##     ## ######## ########  ##     ##  ######  ########

You're about to initialize a Firebase project in this directory:

  C:\Users\USER\PycharmProjects\сайт

[info] 
=== Project Setup
[info] 
[info] First, let's associate this project directory with a Firebase project.
[info] You can create multiple project aliases by running firebase use --add, 
[info] but for now we'll just set up a default project.
[info] 
[info] i  If you want to create a project in a Google Cloud organization or folder, please use "firebase projects:create" instead, and return to this command when you've created the project. 
[debug] [2025-01-05T22:22:35.919Z] Checked if tokens are valid: true, expires at: 1736119032477
[debug] [2025-01-05T22:22:35.920Z] Checked if tokens are valid: true, expires at: 1736119032477
[debug] [2025-01-05T22:22:35.937Z] >>> [apiv2][query] POST https://cloudresourcemanager.googleapis.com/v1/projects [none]
[debug] [2025-01-05T22:22:35.937Z] >>> [apiv2][body] POST https://cloudresourcemanager.googleapis.com/v1/projects {"projectId":"eco-sorter-project","name":"eco-sorter-project"}
[debug] [2025-01-05T22:22:37.799Z] <<< [apiv2][status] POST https://cloudresourcemanager.googleapis.com/v1/projects 200
[debug] [2025-01-05T22:22:37.800Z] <<< [apiv2][body] POST https://cloudresourcemanager.googleapis.com/v1/projects {"name":"operations/cp.6636306720017811510"}
[debug] [2025-01-05T22:22:37.805Z] Checked if tokens are valid: true, expires at: 1736119032477
[debug] [2025-01-05T22:22:37.805Z] Checked if tokens are valid: true, expires at: 1736119032477
[debug] [2025-01-05T22:22:37.806Z] >>> [apiv2][query] GET https://cloudresourcemanager.googleapis.com/v1/operations/cp.6636306720017811510 [none]
[debug] [2025-01-05T22:22:38.778Z] <<< [apiv2][status] GET https://cloudresourcemanager.googleapis.com/v1/operations/cp.6636306720017811510 200
[debug] [2025-01-05T22:22:38.778Z] <<< [apiv2][body] GET https://cloudresourcemanager.googleapis.com/v1/operations/cp.6636306720017811510 {"name":"operations/cp.6636306720017811510","metadata":{"@type":"type.googleapis.com/google.cloudresourcemanager.v1.ProjectCreationStatus","ready":true},"done":true,"error":{"code":9,"message":"Callers must accept Terms of Service","details":[{"@type":"type.googleapis.com/google.rpc.PreconditionFailure","violations":[{"type":"TOS","subject":"cloud","description":"Callers must accept Terms of Service"}]}]}}
[debug] [2025-01-05T22:22:39.094Z] FirebaseError: Callers must accept Terms of Service
    at OperationPoller.poll (C:\Users\USER\AppData\Roaming\npm\node_modules\firebase-tools\lib\operation-poller.js:24:19)
    at process.processTicksAndRejections (node:internal/process/task_queues:105:5)
    at async createCloudProject (C:\Users\USER\AppData\Roaming\npm\node_modules\firebase-tools\lib\management\projects.js:213:29)
    at async createFirebaseProjectAndLog (C:\Users\USER\AppData\Roaming\npm\node_modules\firebase-tools\lib\management\projects.js:71:9)
    at async promptAndCreateNewProject (C:\Users\USER\AppData\Roaming\npm\node_modules\firebase-tools\lib\init\features\project.js:32:12)
    at async doSetup (C:\Users\USER\AppData\Roaming\npm\node_modules\firebase-tools\lib\init\features\project.js:89:27)
    at async init (C:\Users\USER\AppData\Roaming\npm\node_modules\firebase-tools\lib\init\index.js:41:9)
[error] 
[error] Error: Failed to create project. See firebase-debug.log for more info.
